Mon Nov 04 18:05:21 CET 2019 : Apache Derby Network Server - 10.13.1.1 - (Unversioned directory) started and ready to accept connections on port 1527
----------------------------------------------------------------
Mon Nov 04 18:05:21 CET 2019:
Booting Derby version The Apache Software Foundation - Apache Derby - 10.13.1.1 - (Unversioned directory): instance a816c00e-016e-3760-cc52-ffffe05b1064 
on database directory C:\dev\Java\Platformy_Programowania\lab3\javadb\lab with class loader jdk.internal.loader.ClassLoaders$AppClassLoader@4e0e2f2a 
Loaded from file:/C:/glassfish5/javadb/lib/derby.jar
java.vendor=Oracle Corporation
java.runtime.version=13+33
user.dir=C:\glassfish5\javadb
os.name=Windows 10
os.arch=amd64
os.version=10.0
derby.system.home=C:\dev\Java\Platformy_Programowania\lab3\javadb
Database Class Loader started - derby.database.classpath=''
----------------------------------------------------------------
Mon Nov 04 18:06:01 CET 2019: Shutting down Derby engine
----------------------------------------------------------------
Mon Nov 04 18:06:01 CET 2019:
Shutting down instance a816c00e-016e-3760-cc52-ffffe05b1064 on database directory C:\dev\Java\Platformy_Programowania\lab3\javadb\lab with class loader jdk.internal.loader.ClassLoaders$AppClassLoader@4e0e2f2a 
----------------------------------------------------------------
