#
# There is insufficient memory for the Java Runtime Environment to continue.
# Native memory allocation (mmap) failed to map 134217728 bytes for Failed to commit area from 0x0000000081400000 to 0x0000000089400000 of length 134217728.
# Possible reasons:
#   The system is out of physical RAM or swap space
#   The process is running with CompressedOops enabled, and the Java Heap may be blocking the growth of the native heap
# Possible solutions:
#   Reduce memory load on the system
#   Increase physical memory or swap space
#   Check if swap backing store is full
#   Decrease Java heap size (-Xmx/-Xms)
#   Decrease number of Java threads
#   Decrease Java thread stack sizes (-Xss)
#   Set larger code cache with -XX:ReservedCodeCacheSize=
# This output file may be truncated or incomplete.
#
#  Out of Memory Error (t:/workspace/open/src/hotspot/os/windows/os_windows.cpp:3301), pid=2188, tid=12968
#
# JRE version:  (13.0+33) (build )
# Java VM: Java HotSpot(TM) 64-Bit Server VM (13+33, mixed mode, aot, sharing, tiered, compressed oops, g1 gc, windows-amd64)
# No core dump will be written. Minidumps are not enabled by default on client versions of Windows
#

---------------  S U M M A R Y ------------

Command Line: -Dclassworlds.conf=C:\Program Files\NetBeans-11.1\netbeans\java\maven\bin\m2.conf -Dmaven.home=C:\Program Files\NetBeans-11.1\netbeans\java\maven -Dmaven.multiModuleProjectDirectory=C:\dev\Java\Platformy_Programowania\lab3\coffee-java org.codehaus.plexus.classworlds.launcher.Launcher -Dmaven.ext.class.path=C:\Program Files\NetBeans-11.1\netbeans\java\maven-nblib\netbeans-eventspy.jar -Dfile.encoding=UTF-8 clean install

Host: Intel(R) Core(TM) i7-5500U CPU @ 2.40GHz, 4 cores, 7G,  Windows 10 , 64 bit Build 17763 (10.0.17763.475)
Time: Sun Oct 27 20:24:43 2019 Central European Standard Time elapsed time: 0 seconds (0d 0h 0m 0s)

---------------  T H R E A D  ---------------

Current thread (0x000001d7365d0800):  JavaThread "Unknown thread" [_thread_in_vm, id=12968, stack(0x0000004f62b00000,0x0000004f62c00000)]

Stack: [0x0000004f62b00000,0x0000004f62c00000]
Native frames: (J=compiled Java code, j=interpreted, Vv=VM code, C=native code)
V  [jvm.dll+0x626eaa]
V  [jvm.dll+0x772c4a]
V  [jvm.dll+0x7743ff]
V  [jvm.dll+0x774a03]
V  [jvm.dll+0x24da38]
V  [jvm.dll+0x62436a]
V  [jvm.dll+0x618f55]
V  [jvm.dll+0x30c5fc]
V  [jvm.dll+0x30c432]
V  [jvm.dll+0x311ba6]
V  [jvm.dll+0x355cc6]
V  [jvm.dll+0x3554a0]
V  [jvm.dll+0x2e727a]
V  [jvm.dll+0x2e8512]
V  [jvm.dll+0x74fcb8]
V  [jvm.dll+0x363719]
V  [jvm.dll+0x732da5]
V  [jvm.dll+0x3ce2cf]
V  [jvm.dll+0x3d05f1]
C  [jli.dll+0x51ff]
C  [ucrtbase.dll+0x21ffa]
C  [KERNEL32.DLL+0x17974]
C  [ntdll.dll+0x6a271]


---------------  P R O C E S S  ---------------

Threads class SMR info:
_java_thread_list=0x00007ffc209e46b8, length=0, elements={
}

Java Threads: ( => current thread )

Other Threads:
  0x000001d736613800 GCTaskThread "GC Thread#0" [stack: 0x0000004f62c00000,0x0000004f62d00000] [id=632]
  0x000001d736625000 ConcurrentGCThread "G1 Main Marker" [stack: 0x0000004f62d00000,0x0000004f62e00000] [id=9544]
  0x000001d736626800 ConcurrentGCThread "G1 Conc#0" [stack: 0x0000004f62e00000,0x0000004f62f00000] [id=3472]

[error occurred during error reporting (printing all threads), id 0xc0000005, EXCEPTION_ACCESS_VIOLATION (0xc0000005) at pc=0x00007ffc20216f47]

VM state:not at safepoint (not fully initialized)

VM Mutex/Monitor currently owned by a thread:  ([mutex/lock_event])
[0x000001d7365ccfa0] Heap_lock - owner thread: 0x000001d7365d0800

Heap address: 0x0000000081400000, size: 2028 MB, Compressed Oops mode: Non-zero based: 0x0000000081400000
Narrow klass base: 0x0000000000000000, Narrow klass shift: 0

GC Heap History (0 events):
No events

Deoptimization events (0 events):
No events

Classes unloaded (0 events):
No events

Classes redefined (0 events):
No events

Internal exceptions (0 events):
No events

Events (8 events):
Event: 0.008 Loaded shared library C:\Program Files\Java\jdk-13\bin\zip.dll
Event: 0.008 Loaded shared library C:\Program Files\Java\jdk-13\bin\jimage.dll
Event: 0.009 Loading shared library C:\Program Files\Java\jdk-13\lib\libjava.base-coop.dll failed, error code 126
Event: 0.009 Loading shared library C:\Program Files\Java\jdk-13\lib\libjava.logging-coop.dll failed, error code 126
Event: 0.009 Loading shared library C:\Program Files\Java\jdk-13\lib\libjdk.compiler-coop.dll failed, error code 126
Event: 0.009 Loading shared library C:\Program Files\Java\jdk-13\lib\libjdk.scripting.nashorn-coop.dll failed, error code 126
Event: 0.010 Loading shared library C:\Program Files\Java\jdk-13\lib\libjdk.internal.vm.ci-coop.dll failed, error code 126
Event: 0.010 Loading shared library C:\Program Files\Java\jdk-13\lib\libjdk.internal.vm.compiler-coop.dll failed, error code 126


Dynamic libraries:
0x00007ff7d1e80000 - 0x00007ff7d1e8f000 	C:\Program Files\Java\jdk-13\bin\java.exe
0x00007ffc63ea0000 - 0x00007ffc6408d000 	C:\Windows\SYSTEM32\ntdll.dll
0x00007ffc61d30000 - 0x00007ffc61de3000 	C:\Windows\System32\KERNEL32.DLL
0x00007ffc60c60000 - 0x00007ffc60ef3000 	C:\Windows\System32\KERNELBASE.dll
0x00007ffc60b30000 - 0x00007ffc60c2a000 	C:\Windows\System32\ucrtbase.dll
0x00007ffc519c0000 - 0x00007ffc519d8000 	C:\Program Files\Java\jdk-13\bin\jli.dll
0x00007ffc61590000 - 0x00007ffc61633000 	C:\Windows\System32\ADVAPI32.dll
0x00007ffc63b00000 - 0x00007ffc63b9e000 	C:\Windows\System32\msvcrt.dll
0x00007ffc61ac0000 - 0x00007ffc61b5e000 	C:\Windows\System32\sechost.dll
0x00007ffc63610000 - 0x00007ffc63732000 	C:\Windows\System32\RPCRT4.dll
0x00007ffc613f0000 - 0x00007ffc61587000 	C:\Windows\System32\USER32.dll
0x00007ffc60f00000 - 0x00007ffc60f20000 	C:\Windows\System32\win32u.dll
0x00007ffc63e40000 - 0x00007ffc63e69000 	C:\Windows\System32\GDI32.dll
0x00007ffc60890000 - 0x00007ffc60a29000 	C:\Windows\System32\gdi32full.dll
0x00007ffc61020000 - 0x00007ffc610c0000 	C:\Windows\System32\msvcp_win.dll
0x00007ffc5aff0000 - 0x00007ffc5b005000 	C:\Program Files\Java\jdk-13\bin\VCRUNTIME140.dll
0x00007ffc4ca50000 - 0x00007ffc4ccc9000 	C:\Windows\WinSxS\amd64_microsoft.windows.common-controls_6595b64144ccf1df_6.0.17763.802_none_05b1445c0722d2cc\COMCTL32.dll
0x00007ffc610c0000 - 0x00007ffc613ec000 	C:\Windows\System32\combase.dll
0x00007ffc60ab0000 - 0x00007ffc60b2e000 	C:\Windows\System32\bcryptPrimitives.dll
0x00007ffc54280000 - 0x00007ffc5428a000 	C:\Windows\SYSTEM32\VERSION.dll
0x00007ffc62080000 - 0x00007ffc620ae000 	C:\Windows\System32\IMM32.DLL
0x00007ffc38000000 - 0x00007ffc3809b000 	C:\Program Files\Java\jdk-13\bin\msvcp140.dll
0x00007ffc1ff20000 - 0x00007ffc20a86000 	C:\Program Files\Java\jdk-13\bin\server\jvm.dll
0x00007ffc61b60000 - 0x00007ffc61b68000 	C:\Windows\System32\PSAPI.DLL
0x00007ffc585a0000 - 0x00007ffc585a9000 	C:\Windows\SYSTEM32\WSOCK32.dll
0x00007ffc63dd0000 - 0x00007ffc63e3d000 	C:\Windows\System32\WS2_32.dll
0x00007ffc5dc30000 - 0x00007ffc5dc54000 	C:\Windows\SYSTEM32\WINMM.dll
0x00007ffc5dbd0000 - 0x00007ffc5dbfd000 	C:\Windows\SYSTEM32\WINMMBASE.dll
0x00007ffc60fd0000 - 0x00007ffc6101a000 	C:\Windows\System32\cfgmgr32.dll
0x00007ffc5fe90000 - 0x00007ffc5fea1000 	C:\Windows\System32\kernel.appcore.dll
0x00007ffc5c540000 - 0x00007ffc5c550000 	C:\Program Files\Java\jdk-13\bin\verify.dll
0x00007ffc42da0000 - 0x00007ffc42f8d000 	C:\Windows\SYSTEM32\DBGHELP.DLL
0x00007ffc3f040000 - 0x00007ffc3f06a000 	C:\Windows\SYSTEM32\dbgcore.DLL
0x00007ffc58330000 - 0x00007ffc58356000 	C:\Program Files\Java\jdk-13\bin\java.dll
0x00007ffc5afd0000 - 0x00007ffc5afe7000 	C:\Program Files\Java\jdk-13\bin\zip.dll
0x00007ffc5abe0000 - 0x00007ffc5abea000 	C:\Program Files\Java\jdk-13\bin\jimage.dll

dbghelp: loaded successfully - version: 4.0.5 - missing functions: none
symbol engine: initialized successfully - sym options: 0x614 - pdb path: .;C:\Program Files\Java\jdk-13\bin;C:\Windows\SYSTEM32;C:\Windows\WinSxS\amd64_microsoft.windows.common-controls_6595b64144ccf1df_6.0.17763.802_none_05b1445c0722d2cc;C:\Program Files\Java\jdk-13\bin\server

VM Arguments:
jvm_args: -Dclassworlds.conf=C:\Program Files\NetBeans-11.1\netbeans\java\maven\bin\m2.conf -Dmaven.home=C:\Program Files\NetBeans-11.1\netbeans\java\maven -Dmaven.multiModuleProjectDirectory=C:\dev\Java\Platformy_Programowania\lab3\coffee-java 
java_command: org.codehaus.plexus.classworlds.launcher.Launcher -Dmaven.ext.class.path=C:\Program Files\NetBeans-11.1\netbeans\java\maven-nblib\netbeans-eventspy.jar -Dfile.encoding=UTF-8 clean install
java_class_path (initial): C:\Program Files\NetBeans-11.1\netbeans\java\maven\boot\plexus-classworlds-2.5.2.jar
Launcher Type: SUN_STANDARD

[Global flags]
     intx CICompilerCount                          = 3                                         {product} {ergonomic}
     uint ConcGCThreads                            = 1                                         {product} {ergonomic}
     uint G1ConcRefinementThreads                  = 4                                         {product} {ergonomic}
   size_t G1HeapRegionSize                         = 1048576                                   {product} {ergonomic}
    uintx GCDrainStackTargetSize                   = 64                                        {product} {ergonomic}
   size_t InitialHeapSize                          = 134217728                                 {product} {ergonomic}
   size_t MarkStackSize                            = 4194304                                   {product} {ergonomic}
   size_t MaxHeapSize                              = 2126512128                                {product} {ergonomic}
   size_t MinHeapDeltaBytes                        = 1048576                                   {product} {ergonomic}
   size_t MinHeapSize                              = 8388608                                   {product} {ergonomic}
    uintx NonNMethodCodeHeapSize                   = 5830732                                {pd product} {ergonomic}
    uintx NonProfiledCodeHeapSize                  = 122913754                              {pd product} {ergonomic}
    uintx ProfiledCodeHeapSize                     = 122913754                              {pd product} {ergonomic}
    uintx ReservedCodeCacheSize                    = 251658240                              {pd product} {ergonomic}
     bool SegmentedCodeCache                       = true                                      {product} {ergonomic}
   size_t SoftMaxHeapSize                          = 2126512128                             {manageable} {ergonomic}
     bool UseCompressedClassPointers               = true                                 {lp64_product} {ergonomic}
     bool UseCompressedOops                        = true                                 {lp64_product} {ergonomic}
     bool UseG1GC                                  = true                                      {product} {ergonomic}
     bool UseLargePagesIndividualAllocation        = false                                  {pd product} {ergonomic}

Logging:
Log output configuration:
 #0: stdout all=warning uptime,level,tags
 #1: stderr all=off uptime,level,tags

Environment Variables:
JAVA_HOME=C:\Program Files\Java\jdk-13
PATH=C:\Program Files (x86)\Common Files\Oracle\Java\javapath;C:\Windows\system32;C:\Windows;C:\Windows\System32\Wbem;C:\Windows\System32\WindowsPowerShell\v1.0\;C:\Windows\System32\OpenSSH\;C:\Program Files\Git\cmd;C:\Program Files\Calibre2\;C:\Program Files (x86)\WinMerge;C:\Program Files\Microsoft SQL Server\Client SDK\ODBC\130\Tools\Binn\;C:\Program Files (x86)\Microsoft SQL Server\140\Tools\Binn\;C:\Program Files\Microsoft SQL Server\140\Tools\Binn\;C:\Program Files\Microsoft SQL Server\140\DTS\Binn\;C:\Program Files (x86)\Microsoft SQL Server\Client SDK\ODBC\130\Tools\Binn\;C:\Program Files (x86)\Microsoft SQL Server\140\DTS\Binn\;C:\Program Files (x86)\Microsoft SQL Server\140\Tools\Binn\ManagementStudio\;C:\ProgramData\chocolatey\bin;C:\Program Files\Microsoft SQL Server\130\Tools\Binn\;C:\Users\pogod\AppData\Local\Programs\Python\Python37-32\Scripts\;C:\Users\pogod\AppData\Local\Programs\Python\Python37-32\;C:\Users\pogod\AppData\Local\Microsoft\WindowsApps;C:\Program Files\JetBrains\PyCharm Community Edition 2018.3.5\bin;C:\Exercism;C:\Users\pogod\AppData\Local\atom\bin
USERNAME=Pogoda
OS=Windows_NT
PROCESSOR_IDENTIFIER=Intel64 Family 6 Model 61 Stepping 4, GenuineIntel



---------------  S Y S T E M  ---------------

OS: Windows 10 , 64 bit Build 17763 (10.0.17763.475)

CPU:total 4 (initial active 4) (2 cores per cpu, 2 threads per core) family 6 model 61 stepping 4, cmov, cx8, fxsr, mmx, sse, sse2, sse3, ssse3, sse4.1, sse4.2, popcnt, avx, avx2, aes, clmul, erms, 3dnowpref, lzcnt, ht, tsc, tscinvbit, bmi1, bmi2, adx, fma

Memory: 4k page, system-wide physical 8106M (1307M free)
TotalPageFile size 8106M (AvailPageFile size 91M)
current process WorkingSet (physical memory assigned to process): 10M, peak: 10M
current process commit charge ("private bytes"): 52M, peak: 179M

vm_info: Java HotSpot(TM) 64-Bit Server VM (13+33) for windows-amd64 JRE (13+33), built on Sep 18 2019 21:38:00 by "mach5one" with unknown MS VC++:1916

END.
